0 info it worked if it ends with ok
1 verbose cli [ '/usr/local/bin/node',
1 verbose cli   '/Users/afsar/.npm-packages/bin/npm',
1 verbose cli   'start' ]
2 info using npm@4.1.2
3 info using node@v8.1.2
4 verbose run-script [ 'prestart', 'start', 'poststart' ]
5 info lifecycle my-app@0.0.0~prestart: my-app@0.0.0
6 silly lifecycle my-app@0.0.0~prestart: no script for prestart, continuing
7 info lifecycle my-app@0.0.0~start: my-app@0.0.0
8 verbose lifecycle my-app@0.0.0~start: unsafe-perm in lifecycle true
9 verbose lifecycle my-app@0.0.0~start: PATH: /Users/afsar/.npm-packages/lib/node_modules/npm/bin/node-gyp-bin:/Users/afsar/Development/angular/route/node_modules/.bin:/Users/afsar/.npm-packages/bin:/Library/Developer/Toolchains/swift-latest.xctoolchain/usr/bin:/usr/local/bin:/usr/bin:/bin:/usr/sbin:/sbin:/Users/afsar/.npm-packages/bin:/Library/Developer/Toolchains/swift-latest.xctoolchain/usr/bin
10 verbose lifecycle my-app@0.0.0~start: CWD: /Users/afsar/Development/angular/route
11 silly lifecycle my-app@0.0.0~start: Args: [ '-c', 'ng serve' ]
12 silly lifecycle my-app@0.0.0~start: Returned: code: 1  signal: null
13 info lifecycle my-app@0.0.0~start: Failed to exec start script
14 verbose stack Error: my-app@0.0.0 start: `ng serve`
14 verbose stack Exit status 1
14 verbose stack     at EventEmitter.<anonymous> (/Users/afsar/.npm-packages/lib/node_modules/npm/lib/utils/lifecycle.js:279:16)
14 verbose stack     at emitTwo (events.js:125:13)
14 verbose stack     at EventEmitter.emit (events.js:213:7)
14 verbose stack     at ChildProcess.<anonymous> (/Users/afsar/.npm-packages/lib/node_modules/npm/lib/utils/spawn.js:40:14)
14 verbose stack     at emitTwo (events.js:125:13)
14 verbose stack     at ChildProcess.emit (events.js:213:7)
14 verbose stack     at maybeClose (internal/child_process.js:897:16)
14 verbose stack     at Process.ChildProcess._handle.onexit (internal/child_process.js:208:5)
15 verbose pkgid my-app@0.0.0
16 verbose cwd /Users/afsar/Development/angular/route
17 error Darwin 17.2.0
18 error argv "/usr/local/bin/node" "/Users/afsar/.npm-packages/bin/npm" "start"
19 error node v8.1.2
20 error npm  v4.1.2
21 error code ELIFECYCLE
22 error my-app@0.0.0 start: `ng serve`
22 error Exit status 1
23 error Failed at the my-app@0.0.0 start script 'ng serve'.
23 error Make sure you have the latest version of node.js and npm installed.
23 error If you do, this is most likely a problem with the my-app package,
23 error not with npm itself.
23 error Tell the author that this fails on your system:
23 error     ng serve
23 error You can get information on how to open an issue for this project with:
23 error     npm bugs my-app
23 error Or if that isn't available, you can get their info via:
23 error     npm owner ls my-app
23 error There is likely additional logging output above.
24 verbose exit [ 1, true ]
